<?xml version="1.0" encoding="UTF-8"?>
<!-- Generated by org.testng.reporters.JUnitReportReporter -->
<testsuite hostname="LAPTOP-EQQQ6TJF" failures="0" tests="1" name="RestAssured_TestCases_PL" time="2.344" errors="0" timestamp="2025-06-23T15:09:29 IST" skipped="0">
  <testcase classname="RestAssured_TestCases_PL" name="loginAndCaptureCookies" time="2.344"/>
</testsuite> <!-- RestAssured_TestCases_PL -->
