<?xml version="1.0" encoding="UTF-8"?>
<!-- Generated by org.testng.reporters.JUnitReportReporter -->
<testsuite hostname="LAPTOP-EQQQ6TJF" failures="0" tests="1" name="testcases.RestAssured_TestCases_PL2_" time="3.246" errors="0" timestamp="2025-06-24T12:20:46 IST" skipped="0">
  <testcase classname="testcases.RestAssured_TestCases_PL2_" name="RestAssured_TestCases_PL2_1" time="3.246"/>
</testsuite> <!-- testcases.RestAssured_TestCases_PL2_ -->
