<?xml version="1.0" encoding="UTF-8"?>
<!-- Generated by org.testng.reporters.JUnitReportReporter -->
<testsuite hostname="LAPTOP-EQQQ6TJF" failures="0" tests="2" name="testcases.RestAssured_TestCases_PL" time="2.953" errors="0" timestamp="2025-06-23T13:47:18 IST" skipped="0">
  <testcase classname="testcases.RestAssured_TestCases_PL" name="testGetRequest" time="1.939"/>
  <testcase classname="testcases.RestAssured_TestCases_PL" name="testPostRequest" time="1.014"/>
</testsuite> <!-- testcases.RestAssured_TestCases_PL -->
