<?xml version="1.0" encoding="UTF-8"?>
<!-- Generated by org.testng.reporters.JUnitReportReporter -->
<testsuite hostname="LAPTOP-EQQQ6TJF" failures="0" tests="1" name="RestAssured_TestCases_PL2_" time="2.653" errors="0" timestamp="2025-06-24T12:18:23 IST" skipped="0">
  <testcase classname="RestAssured_TestCases_PL2_" name="RestAssured_TestCases_PL2_1" time="2.653"/>
</testsuite> <!-- RestAssured_TestCases_PL2_ -->
