<?xml version="1.0" encoding="UTF-8"?>
<!-- Generated by org.testng.reporters.JUnitReportReporter -->
<testsuite hostname="Sukhvinder" failures="0" tests="10" name="testcases.RestAssured_TestCases_PL1A" time="14.711" errors="0" timestamp="2025-06-25T02:33:00 IST" skipped="0">
  <testcase classname="testcases.RestAssured_TestCases_PL1A" name="pl1usertescase1_01" time="2.814"/>
  <testcase classname="testcases.RestAssured_TestCases_PL1A" name="pl1usertescase1_02" time="1.060"/>
  <testcase classname="testcases.RestAssured_TestCases_PL1A" name="pl1usertescase1_03" time="0.955"/>
  <testcase classname="testcases.RestAssured_TestCases_PL1A" name="pl1usertescase1_04" time="1.017"/>
  <testcase classname="testcases.RestAssured_TestCases_PL1A" name="pl1usertescase1_05" time="1.103"/>
  <testcase classname="testcases.RestAssured_TestCases_PL1A" name="pl1usertescase1_06" time="2.562"/>
  <testcase classname="testcases.RestAssured_TestCases_PL1A" name="pl1usertescase1_07" time="1.060"/>
  <testcase classname="testcases.RestAssured_TestCases_PL1A" name="pl1usertescase1_09" time="1.957"/>
  <testcase classname="testcases.RestAssured_TestCases_PL1A" name="pl1usertescase1_08" time="1.063"/>
  <testcase classname="testcases.RestAssured_TestCases_PL1A" name="pl1usertescase1_10" time="1.120"/>
</testsuite> <!-- testcases.RestAssured_TestCases_PL1A -->
